Performing C SOURCE FILE Test CMAKE_HAVE_LIBC_PTHREAD failed with the following output:
Change Dir: /home/changseok/grpc_testbed/C++/cmake/build/CMakeFiles/CMakeTmp

Run Build Command(s):/usr/bin/make cmTC_9c603/fast && /usr/bin/make  -f CMakeFiles/cmTC_9c603.dir/build.make CMakeFiles/cmTC_9c603.dir/build
make[1]: 디렉터리 '/home/changseok/grpc_testbed/C++/cmake/build/CMakeFiles/CMakeTmp' 들어감
Building C object CMakeFiles/cmTC_9c603.dir/src.c.o
/usr/bin/cc   -DCMAKE_HAVE_LIBC_PTHREAD   -o CMakeFiles/cmTC_9c603.dir/src.c.o   -c /home/changseok/grpc_testbed/C++/cmake/build/CMakeFiles/CMakeTmp/src.c
Linking C executable cmTC_9c603
/home/changseok/DCD_DB_HW/dependency/cmake-3.17.1-Linux-x86_64/bin/cmake -E cmake_link_script CMakeFiles/cmTC_9c603.dir/link.txt --verbose=1
/usr/bin/cc  -DCMAKE_HAVE_LIBC_PTHREAD    CMakeFiles/cmTC_9c603.dir/src.c.o  -o cmTC_9c603 
CMakeFiles/cmTC_9c603.dir/src.c.o: In function `main':
src.c:(.text+0x3e): undefined reference to `pthread_create'
src.c:(.text+0x4a): undefined reference to `pthread_detach'
src.c:(.text+0x56): undefined reference to `pthread_cancel'
src.c:(.text+0x67): undefined reference to `pthread_join'
src.c:(.text+0x7b): undefined reference to `pthread_atfork'
collect2: error: ld returned 1 exit status
CMakeFiles/cmTC_9c603.dir/build.make:106: recipe for target 'cmTC_9c603' failed
make[1]: *** [cmTC_9c603] Error 1
make[1]: 디렉터리 '/home/changseok/grpc_testbed/C++/cmake/build/CMakeFiles/CMakeTmp' 나감
Makefile:141: recipe for target 'cmTC_9c603/fast' failed
make: *** [cmTC_9c603/fast] Error 2


Source file was:
#include <pthread.h>

void* test_func(void* data)
{
  return data;
}

int main(void)
{
  pthread_t thread;
  pthread_create(&thread, NULL, test_func, NULL);
  pthread_detach(thread);
  pthread_cancel(thread);
  pthread_join(thread, NULL);
  pthread_atfork(NULL, NULL, NULL);
  pthread_exit(NULL);

  return 0;
}

Determining if the function pthread_create exists in the pthreads failed with the following output:
Change Dir: /home/changseok/grpc_testbed/C++/cmake/build/CMakeFiles/CMakeTmp

Run Build Command(s):/usr/bin/make cmTC_edb16/fast && /usr/bin/make  -f CMakeFiles/cmTC_edb16.dir/build.make CMakeFiles/cmTC_edb16.dir/build
make[1]: 디렉터리 '/home/changseok/grpc_testbed/C++/cmake/build/CMakeFiles/CMakeTmp' 들어감
Building C object CMakeFiles/cmTC_edb16.dir/CheckFunctionExists.c.o
/usr/bin/cc   -DCHECK_FUNCTION_EXISTS=pthread_create   -o CMakeFiles/cmTC_edb16.dir/CheckFunctionExists.c.o   -c /home/changseok/DCD_DB_HW/dependency/cmake-3.17.1-Linux-x86_64/share/cmake-3.17/Modules/CheckFunctionExists.c
Linking C executable cmTC_edb16
/home/changseok/DCD_DB_HW/dependency/cmake-3.17.1-Linux-x86_64/bin/cmake -E cmake_link_script CMakeFiles/cmTC_edb16.dir/link.txt --verbose=1
/usr/bin/cc  -DCHECK_FUNCTION_EXISTS=pthread_create    CMakeFiles/cmTC_edb16.dir/CheckFunctionExists.c.o  -o cmTC_edb16  -lpthreads 
/usr/bin/ld: cannot find -lpthreads
collect2: error: ld returned 1 exit status
CMakeFiles/cmTC_edb16.dir/build.make:106: recipe for target 'cmTC_edb16' failed
make[1]: *** [cmTC_edb16] Error 1
make[1]: 디렉터리 '/home/changseok/grpc_testbed/C++/cmake/build/CMakeFiles/CMakeTmp' 나감
Makefile:141: recipe for target 'cmTC_edb16/fast' failed
make: *** [cmTC_edb16/fast] Error 2



